This is pdfTeX, Version 3.14159265-2.6-1.40.20 (TeX Live 2019/W32TeX) (preloaded format=pdflatex 2020.2.19)  7 MAR 2023 16:38
entering extended mode
 restricted \write18 enabled.
 %&-line parsing enabled.
**1_data_prep_analyses.tex
(./1_data_prep_analyses.tex
LaTeX2e <2020-02-02> patch level 2
L3 programming layer <2020-02-14> (c:/Users/avald/AppData/Roaming/TinyTeX/texmf
-dist/tex/latex/base/article.cls
Document Class: article 2019/12/20 v1.4l Standard LaTeX document class
(c:/Users/avald/AppData/Roaming/TinyTeX/texmf-dist/tex/latex/base/size10.clo
File: size10.clo 2019/12/20 v1.4l Standard LaTeX file (size option)
)
\c@part=\count167
\c@section=\count168
\c@subsection=\count169
\c@subsubsection=\count170
\c@paragraph=\count171
\c@subparagraph=\count172
\c@figure=\count173
\c@table=\count174
\abovecaptionskip=\skip47
\belowcaptionskip=\skip48
\bibindent=\dimen134
)
(c:/Users/avald/AppData/Roaming/TinyTeX/texmf-dist/tex/latex/amsmath/amsmath.st
y
Package: amsmath 2020/01/20 v2.17e AMS math features
\@mathmargin=\skip49
For additional information on amsmath, use the `?' option.

(c:/Users/avald/AppData/Roaming/TinyTeX/texmf-dist/tex/latex/amsmath/amstext.st
y
Package: amstext 2000/06/29 v2.01 AMS text

(c:/Users/avald/AppData/Roaming/TinyTeX/texmf-dist/tex/latex/amsmath/amsgen.sty
File: amsgen.sty 1999/11/30 v2.0 generic functions
\@emptytoks=\toks14
\ex@=\dimen135
))
(c:/Users/avald/AppData/Roaming/TinyTeX/texmf-dist/tex/latex/amsmath/amsbsy.sty
Package: amsbsy 1999/11/29 v1.2d Bold Symbols
\pmbraise@=\dimen136
)
(c:/Users/avald/AppData/Roaming/TinyTeX/texmf-dist/tex/latex/amsmath/amsopn.sty
Package: amsopn 2016/03/08 v2.02 operator names
)
\inf@bad=\count175
LaTeX Info: Redefining \frac on input line 227.
\uproot@=\count176
\leftroot@=\count177
LaTeX Info: Redefining \overline on input line 389.
\classnum@=\count178
\DOTSCASE@=\count179
LaTeX Info: Redefining \ldots on input line 486.
LaTeX Info: Redefining \dots on input line 489.
LaTeX Info: Redefining \cdots on input line 610.
\Mathstrutbox@=\box45
\strutbox@=\box46
\big@size=\dimen137
LaTeX Font Info:    Redeclaring font encoding OML on input line 733.
LaTeX Font Info:    Redeclaring font encoding OMS on input line 734.
\macc@depth=\count180
\c@MaxMatrixCols=\count181
\dotsspace@=\muskip16
\c@parentequation=\count182
\dspbrk@lvl=\count183
\tag@help=\toks15
\row@=\count184
\column@=\count185
\maxfields@=\count186
\andhelp@=\toks16
\eqnshift@=\dimen138
\alignsep@=\dimen139
\tagshift@=\dimen140
\tagwidth@=\dimen141
\totwidth@=\dimen142
\lineht@=\dimen143
\@envbody=\toks17
\multlinegap=\skip50
\multlinetaggap=\skip51
\mathdisplay@stack=\toks18
LaTeX Info: Redefining \[ on input line 2859.
LaTeX Info: Redefining \] on input line 2860.
)
(c:/Users/avald/AppData/Roaming/TinyTeX/texmf-dist/tex/latex/amsfonts/amssymb.s
ty
Package: amssymb 2013/01/14 v3.01 AMS font symbols

(c:/Users/avald/AppData/Roaming/TinyTeX/texmf-dist/tex/latex/amsfonts/amsfonts.
sty
Package: amsfonts 2013/01/14 v3.01 Basic AMSFonts support
\symAMSa=\mathgroup4
\symAMSb=\mathgroup5
LaTeX Font Info:    Redeclaring math symbol \hbar on input line 98.
LaTeX Font Info:    Overwriting math alphabet `\mathfrak' in version `bold'
(Font)                  U/euf/m/n --> U/euf/b/n on input line 106.
)) (c:/Users/avald/AppData/Roaming/TinyTeX/texmf-dist/tex/latex/lm/lmodern.sty
Package: lmodern 2009/10/30 v1.6 Latin Modern Fonts
LaTeX Font Info:    Overwriting symbol font `operators' in version `normal'
(Font)                  OT1/cmr/m/n --> OT1/lmr/m/n on input line 22.
LaTeX Font Info:    Overwriting symbol font `letters' in version `normal'
(Font)                  OML/cmm/m/it --> OML/lmm/m/it on input line 23.
LaTeX Font Info:    Overwriting symbol font `symbols' in version `normal'
(Font)                  OMS/cmsy/m/n --> OMS/lmsy/m/n on input line 24.
LaTeX Font Info:    Overwriting symbol font `largesymbols' in version `normal'
(Font)                  OMX/cmex/m/n --> OMX/lmex/m/n on input line 25.
LaTeX Font Info:    Overwriting symbol font `operators' in version `bold'
(Font)                  OT1/cmr/bx/n --> OT1/lmr/bx/n on input line 26.
LaTeX Font Info:    Overwriting symbol font `letters' in version `bold'
(Font)                  OML/cmm/b/it --> OML/lmm/b/it on input line 27.
LaTeX Font Info:    Overwriting symbol font `symbols' in version `bold'
(Font)                  OMS/cmsy/b/n --> OMS/lmsy/b/n on input line 28.
LaTeX Font Info:    Overwriting symbol font `largesymbols' in version `bold'
(Font)                  OMX/cmex/m/n --> OMX/lmex/m/n on input line 29.
LaTeX Font Info:    Overwriting math alphabet `\mathbf' in version `normal'
(Font)                  OT1/cmr/bx/n --> OT1/lmr/bx/n on input line 31.
LaTeX Font Info:    Overwriting math alphabet `\mathsf' in version `normal'
(Font)                  OT1/cmss/m/n --> OT1/lmss/m/n on input line 32.
LaTeX Font Info:    Overwriting math alphabet `\mathit' in version `normal'
(Font)                  OT1/cmr/m/it --> OT1/lmr/m/it on input line 33.
LaTeX Font Info:    Overwriting math alphabet `\mathtt' in version `normal'
(Font)                  OT1/cmtt/m/n --> OT1/lmtt/m/n on input line 34.
LaTeX Font Info:    Overwriting math alphabet `\mathbf' in version `bold'
(Font)                  OT1/cmr/bx/n --> OT1/lmr/bx/n on input line 35.
LaTeX Font Info:    Overwriting math alphabet `\mathsf' in version `bold'
(Font)                  OT1/cmss/bx/n --> OT1/lmss/bx/n on input line 36.
LaTeX Font Info:    Overwriting math alphabet `\mathit' in version `bold'
(Font)                  OT1/cmr/bx/it --> OT1/lmr/bx/it on input line 37.
LaTeX Font Info:    Overwriting math alphabet `\mathtt' in version `bold'
(Font)                  OT1/cmtt/m/n --> OT1/lmtt/m/n on input line 38.
) (c:/Users/avald/AppData/Roaming/TinyTeX/texmf-dist/tex/generic/iftex/iftex.st
y
Package: iftex 2019/11/07 v1.0c TeX engine tests
) (c:/Users/avald/AppData/Roaming/TinyTeX/texmf-dist/tex/latex/base/fontenc.sty
Package: fontenc 2020/02/11 v2.0o Standard LaTeX package
LaTeX Font Info:    Trying to load font information for T1+lmr on input line 11
2.
(c:/Users/avald/AppData/Roaming/TinyTeX/texmf-dist/tex/latex/lm/t1lmr.fd
File: t1lmr.fd 2009/10/30 v1.6 Font defs for Latin Modern
)) (c:/Users/avald/AppData/Roaming/TinyTeX/texmf-dist/tex/latex/base/inputenc.s
ty
Package: inputenc 2018/08/11 v1.3c Input encoding file
\inpenc@prehook=\toks19
\inpenc@posthook=\toks20
) (c:/Users/avald/AppData/Roaming/TinyTeX/texmf-dist/tex/latex/base/textcomp.st
y
Package: textcomp 2020/02/02 v2.0n Standard LaTeX package
)
(c:/Users/avald/AppData/Roaming/TinyTeX/texmf-dist/tex/latex/upquote/upquote.st
y
Package: upquote 2012/04/19 v1.3 upright-quote and grave-accent glyphs in verba
tim
) (c:/Users/avald/AppData/Roaming/TinyTeX/texmf-dist/tex/latex/xcolor/xcolor.st
y
Package: xcolor 2016/05/11 v2.12 LaTeX color extensions (UK)

(c:/Users/avald/AppData/Roaming/TinyTeX/texmf-dist/tex/latex/graphics-cfg/color
.cfg
File: color.cfg 2016/01/02 v1.6 sample color configuration
)
Package xcolor Info: Driver file: pdftex.def on input line 225.

(c:/Users/avald/AppData/Roaming/TinyTeX/texmf-dist/tex/latex/graphics-def/pdfte
x.def
File: pdftex.def 2018/01/08 v1.0l Graphics/color driver for pdftex
)
Package xcolor Info: Model `cmy' substituted by `cmy0' on input line 1348.
Package xcolor Info: Model `hsb' substituted by `rgb' on input line 1352.
Package xcolor Info: Model `RGB' extended on input line 1364.
Package xcolor Info: Model `HTML' substituted by `rgb' on input line 1366.
Package xcolor Info: Model `Hsb' substituted by `hsb' on input line 1367.
Package xcolor Info: Model `tHsb' substituted by `hsb' on input line 1368.
Package xcolor Info: Model `HSB' substituted by `hsb' on input line 1369.
Package xcolor Info: Model `Gray' substituted by `gray' on input line 1370.
Package xcolor Info: Model `wave' substituted by `hsb' on input line 1371.
)
(c:/Users/avald/AppData/Roaming/TinyTeX/texmf-dist/tex/latex/geometry/geometry.
sty
Package: geometry 2020/01/02 v5.9 Page Geometry

(c:/Users/avald/AppData/Roaming/TinyTeX/texmf-dist/tex/latex/graphics/keyval.st
y
Package: keyval 2014/10/28 v1.15 key=value parser (DPC)
\KV@toks@=\toks21
)
(c:/Users/avald/AppData/Roaming/TinyTeX/texmf-dist/tex/generic/iftex/ifvtex.sty
Package: ifvtex 2019/10/25 v1.7 ifvtex legacy package. Use iftex instead.
)
\Gm@cnth=\count187
\Gm@cntv=\count188
\c@Gm@tempcnt=\count189
\Gm@bindingoffset=\dimen144
\Gm@wd@mp=\dimen145
\Gm@odd@mp=\dimen146
\Gm@even@mp=\dimen147
\Gm@layoutwidth=\dimen148
\Gm@layoutheight=\dimen149
\Gm@layouthoffset=\dimen150
\Gm@layoutvoffset=\dimen151
\Gm@dimlist=\toks22
)
(c:/Users/avald/AppData/Roaming/TinyTeX/texmf-dist/tex/latex/fancyvrb/fancyvrb.
sty
Package: fancyvrb 2020/01/13 v3.5 verbatim text (tvz,hv)
\FV@CodeLineNo=\count190
\FV@InFile=\read2
\FV@TabBox=\box47
\c@FancyVerbLine=\count191
\FV@StepNumber=\count192
\FV@OutFile=\write3
) (c:/Users/avald/AppData/Roaming/TinyTeX/texmf-dist/tex/latex/framed/framed.st
y
Package: framed 2011/10/22 v 0.96: framed or shaded text with page breaks
\OuterFrameSep=\skip52
\fb@frw=\dimen152
\fb@frh=\dimen153
\FrameRule=\dimen154
\FrameSep=\dimen155
)
(c:/Users/avald/AppData/Roaming/TinyTeX/texmf-dist/tex/latex/tools/longtable.st
y
Package: longtable 2020/01/07 v4.13 Multi-page Table package (DPC)
\LTleft=\skip53
\LTright=\skip54
\LTpre=\skip55
\LTpost=\skip56
\LTchunksize=\count193
\LTcapwidth=\dimen156
\LT@head=\box48
\LT@firsthead=\box49
\LT@foot=\box50
\LT@lastfoot=\box51
\LT@cols=\count194
\LT@rows=\count195
\c@LT@tables=\count196
\c@LT@chunks=\count197
\LT@p@ftn=\toks23
)
(c:/Users/avald/AppData/Roaming/TinyTeX/texmf-dist/tex/latex/booktabs/booktabs.
sty
Package: booktabs 2020/01/12 v1.61803398 Publication quality tables
\heavyrulewidth=\dimen157
\lightrulewidth=\dimen158
\cmidrulewidth=\dimen159
\belowrulesep=\dimen160
\belowbottomsep=\dimen161
\aboverulesep=\dimen162
\abovetopsep=\dimen163
\cmidrulesep=\dimen164
\cmidrulekern=\dimen165
\defaultaddspace=\dimen166
\@cmidla=\count198
\@cmidlb=\count199
\@aboverulesep=\dimen167
\@belowrulesep=\dimen168
\@thisruleclass=\count266
\@lastruleclass=\count267
\@thisrulewidth=\dimen169
) (c:/Users/avald/AppData/Roaming/TinyTeX/texmf-dist/tex/latex/tools/array.sty
Package: array 2019/08/31 v2.4l Tabular extension package (FMi)
\col@sep=\dimen170
\ar@mcellbox=\box52
\extrarowheight=\dimen171
\NC@list=\toks24
\extratabsurround=\skip57
\backup@length=\skip58
\ar@cellbox=\box53
) (c:/Users/avald/AppData/Roaming/TinyTeX/texmf-dist/tex/latex/tools/calc.sty
Package: calc 2017/05/25 v4.3 Infix arithmetic (KKT,FJ)
\calc@Acount=\count268
\calc@Bcount=\count269
\calc@Adimen=\dimen172
\calc@Bdimen=\dimen173
\calc@Askip=\skip59
\calc@Bskip=\skip60
LaTeX Info: Redefining \setlength on input line 80.
LaTeX Info: Redefining \addtolength on input line 81.
\calc@Ccount=\count270
\calc@Cskip=\skip61
)
(c:/Users/avald/AppData/Roaming/TinyTeX/texmf-dist/tex/latex/etoolbox/etoolbox.
sty
Package: etoolbox 2019/09/21 v2.5h e-TeX tools for LaTeX (JAW)
\etb@tempcnta=\count271
)
(c:/Users/avald/AppData/Roaming/TinyTeX/texmf-dist/tex/latex/mdwtools/footnote.
sty
Package: footnote 1997/01/28 1.13 Save footnotes around boxes
\fn@notes=\box54
\fn@width=\dimen174
)
(c:/Users/avald/AppData/Roaming/TinyTeX/texmf-dist/tex/latex/graphics/graphicx.
sty
Package: graphicx 2019/11/30 v1.2a Enhanced LaTeX Graphics (DPC,SPQR)

(c:/Users/avald/AppData/Roaming/TinyTeX/texmf-dist/tex/latex/graphics/graphics.
sty
Package: graphics 2019/11/30 v1.4a Standard LaTeX Graphics (DPC,SPQR)
(c:/Users/avald/AppData/Roaming/TinyTeX/texmf-dist/tex/latex/graphics/trig.sty
Package: trig 2016/01/03 v1.10 sin cos tan (DPC)
)
(c:/Users/avald/AppData/Roaming/TinyTeX/texmf-dist/tex/latex/graphics-cfg/graph
ics.cfg
File: graphics.cfg 2016/06/04 v1.11 sample graphics configuration
)
Package graphics Info: Driver file: pdftex.def on input line 105.
)
\Gin@req@height=\dimen175
\Gin@req@width=\dimen176
)
(c:/Users/avald/AppData/Roaming/TinyTeX/texmf-dist/tex/latex/hyperref/hyperref.
sty
Package: hyperref 2020/01/14 v7.00d Hypertext links for LaTeX

(c:/Users/avald/AppData/Roaming/TinyTeX/texmf-dist/tex/generic/ltxcmds/ltxcmds.
sty
Package: ltxcmds 2019/12/15 v1.24 LaTeX kernel commands for general use (HO)
)
(c:/Users/avald/AppData/Roaming/TinyTeX/texmf-dist/tex/latex/pdftexcmds/pdftexc
mds.sty
Package: pdftexcmds 2019/11/24 v0.31 Utility functions of pdfTeX for LuaTeX (HO
)

(c:/Users/avald/AppData/Roaming/TinyTeX/texmf-dist/tex/generic/infwarerr/infwar
err.sty
Package: infwarerr 2019/12/03 v1.5 Providing info/warning/error messages (HO)
)
Package pdftexcmds Info: \pdf@primitive is available.
Package pdftexcmds Info: \pdf@ifprimitive is available.
Package pdftexcmds Info: \pdfdraftmode found.
)
(c:/Users/avald/AppData/Roaming/TinyTeX/texmf-dist/tex/generic/kvsetkeys/kvsetk
eys.sty
Package: kvsetkeys 2019/12/15 v1.18 Key value parser (HO)
)
(c:/Users/avald/AppData/Roaming/TinyTeX/texmf-dist/tex/generic/kvdefinekeys/kvd
efinekeys.sty
Package: kvdefinekeys 2019-12-19 v1.6 Define keys (HO)
)
(c:/Users/avald/AppData/Roaming/TinyTeX/texmf-dist/tex/generic/pdfescape/pdfesc
ape.sty
Package: pdfescape 2019/12/09 v1.15 Implements pdfTeX's escape features (HO)
)
(c:/Users/avald/AppData/Roaming/TinyTeX/texmf-dist/tex/latex/hycolor/hycolor.st
y
Package: hycolor 2020-01-27 v1.10 Color options for hyperref/bookmark (HO)
)
(c:/Users/avald/AppData/Roaming/TinyTeX/texmf-dist/tex/latex/letltxmacro/letltx
macro.sty
Package: letltxmacro 2019/12/03 v1.6 Let assignment for LaTeX macros (HO)
)
(c:/Users/avald/AppData/Roaming/TinyTeX/texmf-dist/tex/latex/auxhook/auxhook.st
y
Package: auxhook 2019-12-17 v1.6 Hooks for auxiliary files (HO)
)
(c:/Users/avald/AppData/Roaming/TinyTeX/texmf-dist/tex/latex/kvoptions/kvoption
s.sty
Package: kvoptions 2019/11/29 v3.13 Key value format for package options (HO)
)
\@linkdim=\dimen177
\Hy@linkcounter=\count272
\Hy@pagecounter=\count273

(c:/Users/avald/AppData/Roaming/TinyTeX/texmf-dist/tex/latex/hyperref/pd1enc.de
f
File: pd1enc.def 2020/01/14 v7.00d Hyperref: PDFDocEncoding definition (HO)
Now handling font encoding PD1 ...
... no UTF-8 mapping file for font encoding PD1
)
(c:/Users/avald/AppData/Roaming/TinyTeX/texmf-dist/tex/generic/intcalc/intcalc.
sty
Package: intcalc 2019/12/15 v1.3 Expandable calculations with integers (HO)
)
(c:/Users/avald/AppData/Roaming/TinyTeX/texmf-dist/tex/generic/etexcmds/etexcmd
s.sty
Package: etexcmds 2019/12/15 v1.7 Avoid name clashes with e-TeX commands (HO)
)
\Hy@SavedSpaceFactor=\count274
\pdfmajorversion=\count275
Package hyperref Info: Option `unicode' set `true' on input line 4421.

(c:/Users/avald/AppData/Roaming/TinyTeX/texmf-dist/tex/latex/hyperref/puenc.def
File: puenc.def 2020/01/14 v7.00d Hyperref: PDF Unicode definition (HO)
Now handling font encoding PU ...
... no UTF-8 mapping file for font encoding PU
)
Package hyperref Info: Hyper figures OFF on input line 4547.
Package hyperref Info: Link nesting OFF on input line 4552.
Package hyperref Info: Hyper index ON on input line 4555.
Package hyperref Info: Plain pages OFF on input line 4562.
Package hyperref Info: Backreferencing OFF on input line 4567.
Package hyperref Info: Implicit mode ON; LaTeX internals redefined.
Package hyperref Info: Bookmarks ON on input line 4800.
\c@Hy@tempcnt=\count276
(c:/Users/avald/AppData/Roaming/TinyTeX/texmf-dist/tex/latex/url/url.sty
\Urlmuskip=\muskip17
Package: url 2013/09/16  ver 3.4  Verb mode for urls, etc.
)
LaTeX Info: Redefining \url on input line 5159.
\XeTeXLinkMargin=\dimen178

(c:/Users/avald/AppData/Roaming/TinyTeX/texmf-dist/tex/generic/bitset/bitset.st
y
Package: bitset 2019/12/09 v1.3 Handle bit-vector datatype (HO)

(c:/Users/avald/AppData/Roaming/TinyTeX/texmf-dist/tex/generic/bigintcalc/bigin
tcalc.sty
Package: bigintcalc 2019/12/15 v1.5 Expandable calculations on big integers (HO
)
))
\Fld@menulength=\count277
\Field@Width=\dimen179
\Fld@charsize=\dimen180
Package hyperref Info: Hyper figures OFF on input line 6430.
Package hyperref Info: Link nesting OFF on input line 6435.
Package hyperref Info: Hyper index ON on input line 6438.
Package hyperref Info: backreferencing OFF on input line 6445.
Package hyperref Info: Link coloring OFF on input line 6450.
Package hyperref Info: Link coloring with OCG OFF on input line 6455.
Package hyperref Info: PDF/A mode OFF on input line 6460.
LaTeX Info: Redefining \ref on input line 6500.
LaTeX Info: Redefining \pageref on input line 6504.

(c:/Users/avald/AppData/Roaming/TinyTeX/texmf-dist/tex/generic/atbegshi/atbegsh
i.sty
Package: atbegshi 2019/12/05 v1.19 At begin shipout hook (HO)
)
\Hy@abspage=\count278
\c@Item=\count279
\c@Hfootnote=\count280
)
Package hyperref Info: Driver (autodetected): hpdftex.

(c:/Users/avald/AppData/Roaming/TinyTeX/texmf-dist/tex/latex/hyperref/hpdftex.d
ef
File: hpdftex.def 2020/01/14 v7.00d Hyperref driver for pdfTeX

(c:/Users/avald/AppData/Roaming/TinyTeX/texmf-dist/tex/latex/atveryend/atveryen
d.sty
Package: atveryend 2019-12-11 v1.11 Hooks at the very end of document (HO)
)
\Fld@listcount=\count281
\c@bookmark@seq@number=\count282

(c:/Users/avald/AppData/Roaming/TinyTeX/texmf-dist/tex/latex/rerunfilecheck/rer
unfilecheck.sty
Package: rerunfilecheck 2019/12/05 v1.9 Rerun checks for auxiliary files (HO)

(c:/Users/avald/AppData/Roaming/TinyTeX/texmf-dist/tex/generic/uniquecounter/un
iquecounter.sty
Package: uniquecounter 2019/12/15 v1.4 Provide unlimited unique counter (HO)
)
Package uniquecounter Info: New unique counter `rerunfilecheck' on input line 2
86.
)
\Hy@SectionHShift=\skip62
)
(c:/Users/avald/AppData/Roaming/TinyTeX/texmf-dist/tex/latex/l3backend/l3backen
d-pdfmode.def
File: l3backend-pdfmode.def 2020-02-03 L3 backend support: PDF mode
\l__kernel_color_stack_int=\count283
\l__pdf_internal_box=\box55
)
No file 1_data_prep_analyses.aux.
\openout1 = `1_data_prep_analyses.aux'.

LaTeX Font Info:    Checking defaults for OML/cmm/m/it on input line 128.
LaTeX Font Info:    ... okay on input line 128.
LaTeX Font Info:    Checking defaults for OMS/cmsy/m/n on input line 128.
LaTeX Font Info:    ... okay on input line 128.
LaTeX Font Info:    Checking defaults for OT1/cmr/m/n on input line 128.
LaTeX Font Info:    ... okay on input line 128.
LaTeX Font Info:    Checking defaults for T1/cmr/m/n on input line 128.
LaTeX Font Info:    ... okay on input line 128.
LaTeX Font Info:    Checking defaults for TS1/cmr/m/n on input line 128.
LaTeX Font Info:    ... okay on input line 128.
LaTeX Font Info:    Checking defaults for OMX/cmex/m/n on input line 128.
LaTeX Font Info:    ... okay on input line 128.
LaTeX Font Info:    Checking defaults for U/cmr/m/n on input line 128.
LaTeX Font Info:    ... okay on input line 128.
LaTeX Font Info:    Checking defaults for PD1/pdf/m/n on input line 128.
LaTeX Font Info:    ... okay on input line 128.
LaTeX Font Info:    Checking defaults for PU/pdf/m/n on input line 128.
LaTeX Font Info:    ... okay on input line 128.

(c:/Users/avald/AppData/Roaming/TinyTeX/texmf-dist/tex/latex/epstopdf-pkg/epsto
pdf-base.sty
Package: epstopdf-base 2020-01-24 v2.11 Base part for package epstopdf
Package epstopdf-base Info: Redefining graphics rule for `.eps' on input line 4
85.

(c:/Users/avald/AppData/Roaming/TinyTeX/texmf-dist/tex/latex/latexconfig/epstop
df-sys.cfg
File: epstopdf-sys.cfg 2010/07/13 v1.3 Configuration of (r)epstopdf for TeX Liv
e
))
*geometry* driver: auto-detecting
*geometry* detected driver: pdftex
*geometry* verbose mode - [ preamble ] result:
* driver: pdftex
* paper: <default>
* layout: <same size as paper>
* layoutoffset:(h,v)=(0.0pt,0.0pt)
* modes: 
* h-part:(L,W,R)=(72.26999pt, 469.75502pt, 72.26999pt)
* v-part:(T,H,B)=(72.26999pt, 650.43001pt, 72.26999pt)
* \paperwidth=614.295pt
* \paperheight=794.96999pt
* \textwidth=469.75502pt
* \textheight=650.43001pt
* \oddsidemargin=0.0pt
* \evensidemargin=0.0pt
* \topmargin=-37.0pt
* \headheight=12.0pt
* \headsep=25.0pt
* \topskip=10.0pt
* \footskip=30.0pt
* \marginparwidth=65.0pt
* \marginparsep=11.0pt
* \columnsep=10.0pt
* \skip\footins=9.0pt plus 4.0pt minus 2.0pt
* \hoffset=0.0pt
* \voffset=0.0pt
* \mag=1000
* \@twocolumnfalse
* \@twosidefalse
* \@mparswitchfalse
* \@reversemarginfalse
* (1in=72.27pt=25.4mm, 1cm=28.453pt)

\AtBeginShipoutBox=\box56
Package hyperref Info: Link coloring OFF on input line 128.

(c:/Users/avald/AppData/Roaming/TinyTeX/texmf-dist/tex/latex/hyperref/nameref.s
ty
Package: nameref 2019/09/16 v2.46 Cross-referencing by name of section

(c:/Users/avald/AppData/Roaming/TinyTeX/texmf-dist/tex/latex/refcount/refcount.
sty
Package: refcount 2019/12/15 v3.6 Data extraction from label references (HO)
)
(c:/Users/avald/AppData/Roaming/TinyTeX/texmf-dist/tex/generic/gettitlestring/g
ettitlestring.sty
Package: gettitlestring 2019/12/15 v1.6 Cleanup title references (HO)
)
\c@section@level=\count284
)
LaTeX Info: Redefining \ref on input line 128.
LaTeX Info: Redefining \pageref on input line 128.
LaTeX Info: Redefining \nameref on input line 128.
\@outlinefile=\write4
\openout4 = `1_data_prep_analyses.out'.

LaTeX Font Info:    Trying to load font information for OT1+lmr on input line 1
30.
(c:/Users/avald/AppData/Roaming/TinyTeX/texmf-dist/tex/latex/lm/ot1lmr.fd
File: ot1lmr.fd 2009/10/30 v1.6 Font defs for Latin Modern
)
LaTeX Font Info:    Trying to load font information for OML+lmm on input line 1
30.
(c:/Users/avald/AppData/Roaming/TinyTeX/texmf-dist/tex/latex/lm/omllmm.fd
File: omllmm.fd 2009/10/30 v1.6 Font defs for Latin Modern
)
LaTeX Font Info:    Trying to load font information for OMS+lmsy on input line 
130.
(c:/Users/avald/AppData/Roaming/TinyTeX/texmf-dist/tex/latex/lm/omslmsy.fd
File: omslmsy.fd 2009/10/30 v1.6 Font defs for Latin Modern
)
LaTeX Font Info:    Trying to load font information for OMX+lmex on input line 
130.
(c:/Users/avald/AppData/Roaming/TinyTeX/texmf-dist/tex/latex/lm/omxlmex.fd
File: omxlmex.fd 2009/10/30 v1.6 Font defs for Latin Modern
)
LaTeX Font Info:    External font `lmex10' loaded for size
(Font)              <12> on input line 130.
LaTeX Font Info:    External font `lmex10' loaded for size
(Font)              <8> on input line 130.
LaTeX Font Info:    External font `lmex10' loaded for size
(Font)              <6> on input line 130.
LaTeX Font Info:    Trying to load font information for U+msa on input line 130
.
(c:/Users/avald/AppData/Roaming/TinyTeX/texmf-dist/tex/latex/amsfonts/umsa.fd
File: umsa.fd 2013/01/14 v3.01 AMS symbols A
)
LaTeX Font Info:    Trying to load font information for U+msb on input line 130
.
(c:/Users/avald/AppData/Roaming/TinyTeX/texmf-dist/tex/latex/amsfonts/umsb.fd
File: umsb.fd 2013/01/14 v3.01 AMS symbols B
)
\tf@toc=\write5
\openout5 = `1_data_prep_analyses.toc'.

LaTeX Font Info:    Trying to load font information for T1+lmtt on input line 1
43.
(c:/Users/avald/AppData/Roaming/TinyTeX/texmf-dist/tex/latex/lm/t1lmtt.fd
File: t1lmtt.fd 2009/10/30 v1.6 Font defs for Latin Modern
) [1

{c:/Users/avald/AppData/Roaming/TinyTeX/texmf-var/fonts/map/pdftex/updmap/pdfte
x.map}]
LaTeX Font Info:    Trying to load font information for TS1+lmtt on input line 
212.
(c:/Users/avald/AppData/Roaming/TinyTeX/texmf-dist/tex/latex/lm/ts1lmtt.fd
File: ts1lmtt.fd 2009/10/30 v1.6 Font defs for Latin Modern
)
<1_data_prep_analyses_files/figure-latex/unnamed-chunk-7-1.pdf, id=19, 469.755p
t x 325.215pt>
File: 1_data_prep_analyses_files/figure-latex/unnamed-chunk-7-1.pdf Graphic fil
e (type pdf)
<use 1_data_prep_analyses_files/figure-latex/unnamed-chunk-7-1.pdf>
Package pdftex.def Info: 1_data_prep_analyses_files/figure-latex/unnamed-chunk-
7-1.pdf  used on input line 267.
(pdftex.def)             Requested size: 469.75386pt x 325.2142pt.
[2]
<1_data_prep_analyses_files/figure-latex/unnamed-chunk-8-1.pdf, id=32, 469.755p
t x 325.215pt>
File: 1_data_prep_analyses_files/figure-latex/unnamed-chunk-8-1.pdf Graphic fil
e (type pdf)
<use 1_data_prep_analyses_files/figure-latex/unnamed-chunk-8-1.pdf>
Package pdftex.def Info: 1_data_prep_analyses_files/figure-latex/unnamed-chunk-
8-1.pdf  used on input line 280.
(pdftex.def)             Requested size: 469.75386pt x 325.2142pt.
[3 <./1_data_prep_analyses_files/figure-latex/unnamed-chunk-7-1.pdf>]
<1_data_prep_analyses_files/figure-latex/unnamed-chunk-8-2.pdf, id=44, 469.755p
t x 325.215pt>
File: 1_data_prep_analyses_files/figure-latex/unnamed-chunk-8-2.pdf Graphic fil
e (type pdf)
<use 1_data_prep_analyses_files/figure-latex/unnamed-chunk-8-2.pdf>
Package pdftex.def Info: 1_data_prep_analyses_files/figure-latex/unnamed-chunk-
8-2.pdf  used on input line 288.
(pdftex.def)             Requested size: 469.75386pt x 325.2142pt.
[4 <./1_data_prep_analyses_files/figure-latex/unnamed-chunk-8-1.pdf>]
<1_data_prep_analyses_files/figure-latex/unnamed-chunk-8-3.pdf, id=55, 469.755p
t x 325.215pt>
File: 1_data_prep_analyses_files/figure-latex/unnamed-chunk-8-3.pdf Graphic fil
e (type pdf)
<use 1_data_prep_analyses_files/figure-latex/unnamed-chunk-8-3.pdf>
Package pdftex.def Info: 1_data_prep_analyses_files/figure-latex/unnamed-chunk-
8-3.pdf  used on input line 296.
(pdftex.def)             Requested size: 469.75386pt x 325.2142pt.
[5 <./1_data_prep_analyses_files/figure-latex/unnamed-chunk-8-2.pdf>]
Overfull \hbox (7.58095pt too wide) in paragraph at lines 339--340
[]\T1/lmr/m/n/10 component  
 []


Overfull \hbox (0.54007pt too wide) in paragraph at lines 345--346
 []\T1/lmr/m/n/10 estimate
 []


Overfull \hbox (20.31604pt too wide) in paragraph at lines 359--359
[]|\T1/lmr/m/n/10 temp_mother:treatunheated|  
 []


Overfull \hbox (15.03854pt too wide) in paragraph at lines 361--361
[]|\T1/lmr/m/n/10 temp_father:treatunheated|  
 []


Overfull \hbox (4.20663pt too wide) in paragraph at lines 363--363
[]|\T1/lmr/m/n/10 ran_pars|  
 []


Overfull \hbox (4.20663pt too wide) in paragraph at lines 364--364
[]|\T1/lmr/m/n/10 ran_pars|  
 []


Overfull \hbox (4.20663pt too wide) in paragraph at lines 365--365
[]|\T1/lmr/m/n/10 ran_pars|  
 []


Overfull \hbox (8.25764pt too wide) in paragraph at lines 365--365
[]|\T1/lmr/m/n/10 mother_father|  
 []


Overfull \hbox (4.20663pt too wide) in paragraph at lines 367--367
[]|\T1/lmr/m/n/10 ran_pars|  
 []

[6 <./1_data_prep_analyses_files/figure-latex/unnamed-chunk-8-3.pdf>]
Overfull \hbox (7.58095pt too wide) in paragraph at lines 391--392
[]\T1/lmr/m/n/10 component  
 []


Overfull \hbox (0.54007pt too wide) in paragraph at lines 397--398
 []\T1/lmr/m/n/10 estimate
 []


Overfull \hbox (20.31604pt too wide) in paragraph at lines 411--411
[]|\T1/lmr/m/n/10 temp_mother:treatunheated|  
 []


Overfull \hbox (15.03854pt too wide) in paragraph at lines 413--413
[]|\T1/lmr/m/n/10 temp_father:treatunheated|  
 []


Overfull \hbox (4.20663pt too wide) in paragraph at lines 415--415
[]|\T1/lmr/m/n/10 ran_pars|  
 []


Overfull \hbox (4.20663pt too wide) in paragraph at lines 416--416
[]|\T1/lmr/m/n/10 ran_pars|  
 []


Overfull \hbox (4.20663pt too wide) in paragraph at lines 417--417
[]|\T1/lmr/m/n/10 ran_pars|  
 []


Overfull \hbox (8.25764pt too wide) in paragraph at lines 417--417
[]|\T1/lmr/m/n/10 mother_father|  
 []


Overfull \hbox (4.20663pt too wide) in paragraph at lines 419--419
[]|\T1/lmr/m/n/10 ran_pars|  
 []


Overfull \hbox (7.58095pt too wide) in paragraph at lines 443--444
[]\T1/lmr/m/n/10 component  
 []


Overfull \hbox (0.54007pt too wide) in paragraph at lines 449--450
 []\T1/lmr/m/n/10 estimate
 []


Overfull \hbox (20.31604pt too wide) in paragraph at lines 463--463
[]|\T1/lmr/m/n/10 temp_mother:treatunheated|  
 []


Overfull \hbox (15.03854pt too wide) in paragraph at lines 465--465
[]|\T1/lmr/m/n/10 temp_father:treatunheated|  
 []


Overfull \hbox (4.20663pt too wide) in paragraph at lines 467--467
[]|\T1/lmr/m/n/10 ran_pars|  
 []


Overfull \hbox (4.20663pt too wide) in paragraph at lines 468--468
[]|\T1/lmr/m/n/10 ran_pars|  
 []


Overfull \hbox (4.20663pt too wide) in paragraph at lines 469--469
[]|\T1/lmr/m/n/10 ran_pars|  
 []


Overfull \hbox (8.25764pt too wide) in paragraph at lines 469--469
[]|\T1/lmr/m/n/10 mother_father|  
 []


Overfull \hbox (4.20663pt too wide) in paragraph at lines 471--471
[]|\T1/lmr/m/n/10 ran_pars|  
 []

[7] [8]
LaTeX Font Info:    Trying to load font information for TS1+lmr on input line 6
28.
(c:/Users/avald/AppData/Roaming/TinyTeX/texmf-dist/tex/latex/lm/ts1lmr.fd
File: ts1lmr.fd 2009/10/30 v1.6 Font defs for Latin Modern
) [9]

! Package inputenc Error: Unicode character σ (U+03C3)
(inputenc)                not set up for use with LaTeX.

See the inputenc package documentation for explanation.
Type  H <return>  for immediate help.
 ...                                              
                                                  
l.682 σ
        2 
Here is how much of TeX's memory you used:
 11590 strings out of 483158
 167778 string characters out of 5963418
 442447 words of memory out of 5000000
 26398 multiletter control sequences out of 15000+600000
 563907 words of font info for 50 fonts, out of 8000000 for 9000
 14 hyphenation exceptions out of 8191
 34i,7n,37p,798b,456s stack positions out of 5000i,500n,10000p,200000b,80000s

!  ==> Fatal error occurred, no output PDF file produced!
